0 verbose cli /usr/local/bin/node /usr/local/bin/npm
1 info using npm@9.8.0
2 info using node@v18.16.1
3 timing npm:load:whichnode Completed in 1ms
4 timing config:load:defaults Completed in 1ms
5 timing config:load:file:/usr/local/lib/node_modules/npm/npmrc Completed in 1ms
6 timing config:load:builtin Completed in 1ms
7 timing config:load:cli Completed in 1ms
8 timing config:load:env Completed in 0ms
9 timing config:load:file:/Users/trinhnhattri/Source/reactjs/github/.npmrc Completed in 0ms
10 timing config:load:project Completed in 2ms
11 timing config:load:file:/Users/trinhnhattri/.npmrc Completed in 1ms
12 timing config:load:user Completed in 1ms
13 timing config:load:file:/usr/local/etc/npmrc Completed in 0ms
14 timing config:load:global Completed in 0ms
15 timing config:load:setEnvs Completed in 1ms
16 timing config:load Completed in 7ms
17 timing npm:load:configload Completed in 7ms
18 timing config:load:flatten Completed in 1ms
19 timing npm:load:mkdirpcache Completed in 0ms
20 timing npm:load:mkdirplogs Completed in 0ms
21 verbose title npm install react-router-dom@6
22 verbose argv "install" "react-router-dom@6"
23 timing npm:load:setTitle Completed in 6ms
24 timing npm:load:display Completed in 1ms
25 verbose logfile logs-max:10 dir:/Users/trinhnhattri/Source/reactjs/github/npm_cache/_logs/2026-03-21T05_19_58_017Z-
26 verbose logfile /Users/trinhnhattri/Source/reactjs/github/npm_cache/_logs/2026-03-21T05_19_58_017Z-debug-0.log
27 timing npm:load:logFile Completed in 5ms
28 timing npm:load:timers Completed in 0ms
29 timing npm:load:configScope Completed in 0ms
30 timing npm:load Completed in 29ms
31 timing config:load:flatten Completed in 0ms
32 timing arborist:ctor Completed in 0ms
33 timing arborist:ctor Completed in 0ms
34 silly logfile done cleaning log files
35 timing idealTree:init Completed in 5ms
36 timing idealTree:userRequests Completed in 1ms
37 silly idealTree buildDeps
38 silly fetch manifest react-router-dom@6
39 http fetch GET 200 https://registry.npmjs.org/npm 758ms (cache miss)
40 http fetch GET 200 https://registry.npmjs.org/react-router-dom 820ms (cache miss)
41 silly fetch manifest react@>=16.8
42 http fetch GET 200 https://registry.npmjs.org/react 610ms (cache miss)
43 silly fetch manifest react-dom@>=16.8
44 http fetch GET 200 https://registry.npmjs.org/react-dom 595ms (cache miss)
45 silly placeDep ROOT react-router-dom@6.30.3 OK for:  want: 6
46 silly placeDep ROOT react@19.2.4 OK for: react-router-dom@6.30.3 want: >=16.8
47 silly placeDep ROOT react-dom@19.2.4 OK for: react-router-dom@6.30.3 want: >=16.8
48 silly fetch manifest react-router@6.30.3
49 silly fetch manifest @remix-run/router@1.23.2
50 silly fetch manifest scheduler@^0.27.0
51 http fetch GET 200 https://registry.npmjs.org/@remix-run%2frouter 197ms (cache miss)
52 http fetch GET 200 https://registry.npmjs.org/react-router 259ms (cache miss)
53 http fetch GET 200 https://registry.npmjs.org/scheduler 1027ms (cache miss)
54 timing idealTree:#root Completed in 3115ms
55 timing idealTree:node_modules/react Completed in 0ms
56 silly placeDep ROOT scheduler@0.27.0 OK for: react-dom@19.2.4 want: ^0.27.0
57 timing idealTree:node_modules/react-dom Completed in 2ms
58 silly placeDep ROOT @remix-run/router@1.23.2 OK for: react-router-dom@6.30.3 want: 1.23.2
59 silly placeDep ROOT react-router@6.30.3 OK for: react-router-dom@6.30.3 want: 6.30.3
60 timing idealTree:node_modules/react-router-dom Completed in 4ms
61 timing idealTree:node_modules/@remix-run/router Completed in 0ms
62 timing idealTree:node_modules/react-router Completed in 1ms
63 timing idealTree:node_modules/scheduler Completed in 0ms
64 timing idealTree:buildDeps Completed in 3123ms
65 timing idealTree:fixDepFlags Completed in 0ms
66 timing idealTree Completed in 3130ms
67 timing reify:loadTrees Completed in 3131ms
68 timing reify:diffTrees Completed in 1ms
69 silly reify moves {}
70 timing reify:retireShallow Completed in 1ms
71 timing reify:createSparse Completed in 5ms
72 timing reify:loadBundles Completed in 0ms
73 silly tarball no local data for react-router@https://registry.npmjs.org/react-router/-/react-router-6.30.3.tgz. Extracting by manifest.
74 silly tarball no local data for @remix-run/router@https://registry.npmjs.org/@remix-run/router/-/router-1.23.2.tgz. Extracting by manifest.
75 silly tarball no local data for react@https://registry.npmjs.org/react/-/react-19.2.4.tgz. Extracting by manifest.
76 silly tarball no local data for react-dom@https://registry.npmjs.org/react-dom/-/react-dom-19.2.4.tgz. Extracting by manifest.
77 silly tarball no local data for scheduler@https://registry.npmjs.org/scheduler/-/scheduler-0.27.0.tgz. Extracting by manifest.
78 silly tarball no local data for react-router-dom@https://registry.npmjs.org/react-router-dom/-/react-router-dom-6.30.3.tgz. Extracting by manifest.
79 http fetch GET 200 https://registry.npmjs.org/react/-/react-19.2.4.tgz 194ms (cache miss)
80 timing reifyNode:node_modules/react Completed in 200ms
81 http fetch GET 200 https://registry.npmjs.org/react-router/-/react-router-6.30.3.tgz 253ms (cache miss)
82 timing reifyNode:node_modules/react-router Completed in 259ms
83 http fetch GET 200 https://registry.npmjs.org/scheduler/-/scheduler-0.27.0.tgz 609ms (cache miss)
84 timing reifyNode:node_modules/scheduler Completed in 615ms
85 http fetch GET 200 https://registry.npmjs.org/@remix-run/router/-/router-1.23.2.tgz 770ms (cache miss)
86 timing reifyNode:node_modules/@remix-run/router Completed in 775ms
87 http fetch GET 200 https://registry.npmjs.org/react-router-dom/-/react-router-dom-6.30.3.tgz 880ms (cache miss)
88 timing reifyNode:node_modules/react-router-dom Completed in 886ms
89 http fetch GET 200 https://registry.npmjs.org/react-dom/-/react-dom-19.2.4.tgz 1687ms (cache miss)
90 timing reifyNode:node_modules/react-dom Completed in 1693ms
91 timing reify:unpack Completed in 1694ms
92 timing reify:unretire Completed in 0ms
93 timing build:queue Completed in 0ms
94 timing build:deps Completed in 1ms
95 timing build Completed in 1ms
96 timing reify:build Completed in 1ms
97 timing reify:trash Completed in 0ms
98 timing reify:save Completed in 4ms
99 timing reify Completed in 4868ms
100 silly ADD node_modules/react-router
101 silly ADD node_modules/@remix-run/router
102 silly ADD node_modules/scheduler
103 silly ADD node_modules/react-dom
104 silly ADD node_modules/react
105 silly ADD node_modules/react-router-dom
106 timing command:install Completed in 4871ms
107 notice
107 notice New [31mmajor[39m version of npm available! [31m9.8.0[39m -> [32m11.12.0[39m
107 notice Changelog: [36mhttps://github.com/npm/cli/releases/tag/v11.12.0[39m
107 notice Run [32mnpm install -g npm@11.12.0[39m to update!
107 notice
108 verbose exit 0
109 timing npm Completed in 5017ms
110 info ok
